2025-08-25 00:06:51,536-INFO-Starting prediction...
2025-08-25 00:06:51,544-INFO-Aligned input features to match training data structure.
2025-08-25 00:07:43,023-INFO-Starting prediction...
2025-08-25 00:07:43,035-INFO-Aligned input features to match training data structure.
2025-08-25 00:13:54,054-INFO-Starting prediction...
2025-08-25 00:13:54,066-INFO-Aligned input features to match training data structure.
2025-08-25 00:23:35,900-INFO-Starting prediction...
2025-08-25 00:23:35,915-INFO-Aligned input features to match training data structure.
2025-08-25 00:27:55,762-INFO-Starting prediction...
2025-08-25 00:27:55,772-INFO-Aligned input features to match training data structure.
2025-08-25 00:29:50,125-INFO-Starting prediction...
2025-08-25 00:29:50,137-INFO-Aligned input features to match training data structure.
2025-08-25 00:34:47,549-INFO-Starting prediction...
2025-08-25 00:34:47,559-INFO-Aligned input features to match training data structure.
2025-08-25 00:37:44,277-INFO-Starting prediction...
2025-08-25 00:37:44,287-INFO-Aligned input features to match training data structure.
2025-08-25 00:38:25,967-INFO-Starting prediction...
2025-08-25 00:38:25,978-INFO-Aligned input features to match training data structure.
2025-08-25 00:50:32,927-INFO-Starting prediction...
2025-08-25 00:50:32,937-INFO-Aligned input features to match training data structure.
2025-08-25 00:55:14,043-INFO-Starting prediction...
2025-08-25 00:55:14,054-INFO-Aligned input features to match training data structure.
2025-08-25 00:55:53,254-INFO-Starting prediction...
2025-08-25 00:55:53,262-INFO-Aligned input features to match training data structure.
2025-08-25 07:38:14,002-INFO-Starting prediction...
2025-08-25 07:38:14,012-INFO-Aligned input features to match training data structure.
2025-08-25 07:42:12,394-INFO-Starting prediction...
2025-08-25 07:42:12,399-INFO-Aligned input features to match training data structure.
2025-08-25 07:47:41,640-INFO-Starting prediction...
2025-08-25 07:47:41,645-INFO-Aligned input features to match training data structure.
2025-08-25 07:48:20,899-INFO-Starting prediction...
2025-08-25 07:48:20,904-INFO-Aligned input features to match training data structure.
2025-08-25 07:49:29,813-INFO-Starting prediction...
2025-08-25 07:49:29,816-INFO-Aligned input features to match training data structure.
2025-08-25 07:49:49,521-INFO-Starting prediction...
2025-08-25 07:49:49,527-INFO-Aligned input features to match training data structure.
2025-08-25 07:49:57,747-INFO-Starting prediction...
2025-08-25 07:49:57,750-INFO-Aligned input features to match training data structure.
2025-08-25 07:50:04,553-INFO-Starting prediction...
2025-08-25 07:50:04,559-INFO-Aligned input features to match training data structure.
2025-08-25 07:55:27,985-INFO-Starting prediction...
2025-08-25 07:55:27,994-INFO-Aligned input features to match training data structure.
2025-08-25 07:55:43,484-INFO-Starting prediction...
2025-08-25 07:55:43,488-INFO-Aligned input features to match training data structure.
2025-08-25 07:56:10,499-INFO-Starting prediction...
2025-08-25 07:56:10,502-INFO-Aligned input features to match training data structure.
2025-08-25 07:56:58,243-INFO-Starting prediction...
2025-08-25 07:56:58,247-INFO-Aligned input features to match training data structure.
2025-08-25 07:57:08,767-INFO-Starting prediction...
2025-08-25 07:57:08,770-INFO-Aligned input features to match training data structure.
2025-08-25 08:01:37,567-INFO-Starting prediction...
2025-08-25 08:01:37,578-INFO-Aligned input features to match training data structure.
2025-08-25 08:02:04,238-INFO-Starting prediction...
2025-08-25 08:02:04,242-INFO-Aligned input features to match training data structure.
2025-08-25 08:02:34,245-INFO-Starting prediction...
2025-08-25 08:02:34,250-INFO-Aligned input features to match training data structure.
2025-08-25 08:03:11,014-INFO-Starting prediction...
2025-08-25 08:03:11,018-INFO-Aligned input features to match training data structure.
2025-08-25 08:03:22,683-INFO-Starting prediction...
2025-08-25 08:03:22,687-INFO-Aligned input features to match training data structure.
2025-08-25 08:03:38,789-INFO-Starting prediction...
2025-08-25 08:03:38,793-INFO-Aligned input features to match training data structure.
2025-08-25 08:03:50,978-INFO-Starting prediction...
2025-08-25 08:03:50,982-INFO-Aligned input features to match training data structure.
2025-08-25 08:12:18,321-INFO-Entered data ingestion.
2025-08-25 08:12:18,338-INFO-Read dataset: shape=(4000, 10)
2025-08-25 08:12:18,357-INFO-Performing 80/20 train-test split...
2025-08-25 08:12:18,378-INFO-Data ingestion completed.
2025-08-25 08:12:18,420-INFO-Read train and test data completed.
2025-08-25 08:12:18,421-INFO-Text feature: ['Main_Ingredients']
2025-08-25 08:12:18,421-INFO-Categorical columns: ['Dietary_Preference', 'Cuisine_Type', 'Meal_Type', 'Difficulty_Level', 'Occasion_Type']
2025-08-25 08:12:18,421-INFO-Numerical columns: ['Calories_per_Serving', 'Protein_Content(g)']
2025-08-25 08:12:18,423-INFO-Applying preprocessing object on training and testing dataframes.
2025-08-25 08:13:13,919-INFO-Entered data ingestion.
2025-08-25 08:13:13,937-INFO-Read dataset: shape=(4000, 10)
2025-08-25 08:13:13,957-INFO-Performing 80/20 train-test split...
2025-08-25 08:13:13,978-INFO-Data ingestion completed.
2025-08-25 08:13:14,022-INFO-Loaded train/test: (3200, 10) / (800, 10)
2025-08-25 08:13:14,023-INFO-Numerical features: ['Calories_per_Serving', 'Protein_Content(g)']
2025-08-25 08:13:14,024-INFO-Categorical features: ['Meal_ID', 'Cuisine_Type', 'Meal_Type', 'Dietary_Preference', 'Main_Ingredients', 'Difficulty_Level', 'Occasion_Type']
2025-08-25 08:13:14,029-INFO-Fitting preprocessor and transforming data...
2025-08-25 08:13:14,179-INFO-Saved preprocessor to artifacts\preprocessor.pkl
2025-08-25 08:13:14,179-INFO-Saved label encoder to artifacts\label_encoder.pkl
2025-08-25 08:13:14,180-INFO-Splitting arrays into X/y for training and testing...
2025-08-25 08:13:14,181-INFO-\U0001f504 Training Decision Tree...
2025-08-25 08:13:24,460-INFO-\u2705 Decision Tree finished | Accuracy = 1.0000
2025-08-25 08:13:24,460-INFO-\U0001f504 Training Random Forest...
2025-08-25 08:13:40,224-INFO-\u2705 Random Forest finished | Accuracy = 1.0000
2025-08-25 08:13:40,224-INFO-Best model: Decision Tree | Accuracy = 1.0000
2025-08-25 08:13:40,226-INFO-Saved best model (Decision Tree) to artifacts\model.pkl
2025-08-25 08:14:10,653-INFO-Starting prediction...
2025-08-25 08:14:10,657-INFO-Aligned input features to match training data structure.
2025-08-25 08:14:43,611-INFO-Starting prediction...
2025-08-25 08:14:43,616-INFO-Aligned input features to match training data structure.
2025-08-25 08:15:01,109-INFO-Starting prediction...
2025-08-25 08:15:01,112-INFO-Aligned input features to match training data structure.
2025-08-25 08:15:12,126-INFO-Starting prediction...
2025-08-25 08:15:12,130-INFO-Aligned input features to match training data structure.
2025-08-25 08:15:27,872-INFO-Starting prediction...
2025-08-25 08:15:27,877-INFO-Aligned input features to match training data structure.
2025-08-25 08:15:43,695-INFO-Starting prediction...
2025-08-25 08:15:43,699-INFO-Aligned input features to match training data structure.
2025-08-25 08:15:57,666-INFO-Starting prediction...
2025-08-25 08:15:57,669-INFO-Aligned input features to match training data structure.
2025-08-25 08:16:17,910-INFO-Starting prediction...
2025-08-25 08:16:17,915-INFO-Aligned input features to match training data structure.
2025-08-25 08:16:39,986-INFO-Starting prediction...
2025-08-25 08:16:39,991-INFO-Aligned input features to match training data structure.
2025-08-25 08:17:16,608-INFO-Starting prediction...
2025-08-25 08:17:16,614-INFO-Aligned input features to match training data structure.
2025-08-25 08:17:37,326-INFO-Starting prediction...
2025-08-25 08:17:37,331-INFO-Aligned input features to match training data structure.
2025-08-25 08:18:20,002-INFO-Starting prediction...
2025-08-25 08:18:20,007-INFO-Aligned input features to match training data structure.
2025-08-25 08:19:47,271-INFO-Starting prediction...
2025-08-25 08:19:47,276-INFO-Aligned input features to match training data structure.
2025-08-25 08:20:19,799-INFO-Starting prediction...
2025-08-25 08:20:19,803-INFO-Aligned input features to match training data structure.
2025-08-25 08:20:58,308-INFO-Starting prediction...
2025-08-25 08:20:58,311-INFO-Aligned input features to match training data structure.
2025-08-25 08:21:09,394-INFO-Starting prediction...
2025-08-25 08:21:09,398-INFO-Aligned input features to match training data structure.
2025-08-25 08:23:59,671-INFO-Entered data ingestion.
2025-08-25 08:23:59,688-INFO-Read dataset: shape=(4000, 10)
2025-08-25 08:23:59,723-INFO-Performing 80/20 train-test split...
2025-08-25 08:23:59,749-INFO-Data ingestion completed.
2025-08-25 08:23:59,789-INFO-Read train and test data completed.
2025-08-25 08:23:59,789-INFO-Primary text feature: ['Main_Ingredients']
2025-08-25 08:23:59,789-INFO-Primary numerical features: ['Calories_per_Serving', 'Protein_Content(g)']
2025-08-25 08:23:59,789-INFO-Secondary categorical columns: ['Dietary_Preference', 'Cuisine_Type', 'Meal_Type', 'Difficulty_Level', 'Occasion_Type']
2025-08-25 08:23:59,791-INFO-Applying preprocessing object on training and testing dataframes.
2025-08-25 08:26:36,963-INFO-Entered data ingestion.
2025-08-25 08:26:36,979-INFO-Read dataset: shape=(4000, 10)
2025-08-25 08:26:36,998-INFO-Performing 80/20 train-test split...
2025-08-25 08:26:37,021-INFO-Data ingestion completed.
2025-08-25 08:26:37,090-INFO-Loaded train/test: (3200, 10) / (800, 10)
2025-08-25 08:26:37,091-INFO-Numerical features: ['Calories_per_Serving', 'Protein_Content(g)']
2025-08-25 08:26:37,092-INFO-Categorical features: ['Meal_ID', 'Cuisine_Type', 'Meal_Type', 'Dietary_Preference', 'Main_Ingredients', 'Difficulty_Level', 'Occasion_Type']
2025-08-25 08:26:37,095-INFO-Fitting preprocessor and transforming data...
2025-08-25 08:26:37,241-INFO-Saved preprocessor to artifacts\preprocessor.pkl
2025-08-25 08:26:37,241-INFO-Saved label encoder to artifacts\label_encoder.pkl
2025-08-25 08:26:37,242-INFO-Splitting arrays into X/y for training and testing...
2025-08-25 08:26:37,243-INFO-\U0001f504 Training Decision Tree...
2025-08-25 08:26:50,623-INFO-\u2705 Decision Tree finished | Accuracy = 1.0000
2025-08-25 08:26:50,623-INFO-\U0001f504 Training Random Forest...
2025-08-25 08:27:15,510-INFO-\u2705 Random Forest finished | Accuracy = 1.0000
2025-08-25 08:27:15,511-INFO-Best model: Decision Tree | Accuracy = 1.0000
2025-08-25 08:27:15,513-INFO-Saved best model (Decision Tree) to artifacts\model.pkl
2025-08-25 08:27:36,969-INFO-Starting prediction...
2025-08-25 08:27:36,974-INFO-Aligned input features to match training data structure.
2025-08-25 08:27:50,997-INFO-Starting prediction...
2025-08-25 08:27:51,001-INFO-Aligned input features to match training data structure.
2025-08-25 08:27:57,189-INFO-Starting prediction...
2025-08-25 08:27:57,191-INFO-Aligned input features to match training data structure.
2025-08-25 08:28:52,280-INFO-Starting prediction...
2025-08-25 08:28:52,283-INFO-Aligned input features to match training data structure.
